[debug] > Exec(run, None, None)
[debug] Evaluating tasks: Compile / run
[debug] Running task... Cancel: Signal, check cycles: false, forcegc: true
[debug] Running task... Cancel: Signal, check cycles: false, forcegc: true
[info] compiling 20 Scala sources and 1 Java source to C:\Scala\To-Do List\target\scala-2.13\classes ...
[error] C:\Scala\To-Do List\app\controllers\MainPageController.scala:3:15: object TaskForm is not a member of package Models
[error] import Models.TaskForm.taskForm
[error]               ^
[error] C:\Scala\To-Do List\app\views\index.scala.html:1:1: type Task is not a member of package Models
[error] @(taskForm: Form[Models.Task])(implicit messages: Messages, request: RequestHeader)
[error] ^
[error] C:\Scala\To-Do List\app\views\index.scala.html:1:25: type Task is not a member of package Models
[error] @(taskForm: Form[Models.Task])(implicit messages: Messages, request: RequestHeader)
[error]                         ^
[error] C:\Scala\To-Do List\app\controllers\MainPageController.scala:17:25: not found: value taskForm
[error]     Ok(views.html.index(taskForm))
[error]                         ^
[error] C:\Scala\To-Do List\app\views\index.scala.html:72:8: type Task is not a member of package Models
[error] </html>
[error]        ^
[error] 5 errors found
[error] (Compile / compileIncremental) Compilation failed
[debug] Running task... Cancel: Signal, check cycles: false, forcegc: true
[debug] Running task... Cancel: Signal, check cycles: false, forcegc: true
[debug] Running task... Cancel: Signal, check cycles: false, forcegc: true
[info] compiling 20 Scala sources and 1 Java source to C:\Scala\To-Do List\target\scala-2.13\classes ...
[error] C:\Scala\To-Do List\app\views\index.scala.html:1:1: type Task is not a member of package Models
[error] @(taskForm: Form[Models.Task])(implicit messages: Messages, request: RequestHeader)
[error] ^
[error] C:\Scala\To-Do List\app\views\index.scala.html:1:25: type Task is not a member of package Models
[error] @(taskForm: Form[Models.Task])(implicit messages: Messages, request: RequestHeader)
[error]                         ^
[error] C:\Scala\To-Do List\app\views\index.scala.html:72:8: type Task is not a member of package Models
[error] </html>
[error]        ^
[error] three errors found
[error] (Compile / compileIncremental) Compilation failed
[debug] Running task... Cancel: Signal, check cycles: false, forcegc: true
[debug] Running task... Cancel: Signal, check cycles: false, forcegc: true
[debug] Running task... Cancel: Signal, check cycles: false, forcegc: true
[info] compiling 20 Scala sources and 1 Java source to C:\Scala\To-Do List\target\scala-2.13\classes ...
[info] done compiling
[debug] Running task... Cancel: Signal, check cycles: false, forcegc: true
[debug] Exporting web-assets:to-do-list
[debug] Running task... Cancel: Signal, check cycles: false, forcegc: true
[debug] Running task... Cancel: Signal, check cycles: false, forcegc: true
[info] compiling 7 Scala sources to C:\Scala\To-Do List\target\scala-2.13\classes ...
[info] done compiling
[info] compiling 10 Scala sources to C:\Scala\To-Do List\target\scala-2.13\classes ...
[info] done compiling
[debug] Forcing garbage collection...
[debug] Running task... Cancel: Signal, check cycles: false, forcegc: true
[debug] Exporting web-assets:to-do-list
[debug] Running task... Cancel: Signal, check cycles: false, forcegc: true
[debug] Running task... Cancel: Signal, check cycles: false, forcegc: true
[info] compiling 3 Scala sources to C:\Scala\To-Do List\target\scala-2.13\classes ...
[info] done compiling
[info] compiling 20 Scala sources and 1 Java source to C:\Scala\To-Do List\target\scala-2.13\classes ...
[info] done compiling
[debug] Running task... Cancel: Signal, check cycles: false, forcegc: true
[debug] Exporting web-assets:to-do-list
[debug] Running task... Cancel: Signal, check cycles: false, forcegc: true
[debug] Running task... Cancel: Signal, check cycles: false, forcegc: true
[info] compiling 4 Scala sources to C:\Scala\To-Do List\target\scala-2.13\classes ...
[info] done compiling
[info] compiling 20 Scala sources and 1 Java source to C:\Scala\To-Do List\target\scala-2.13\classes ...
[info] done compiling
[debug] Running task... Cancel: Signal, check cycles: false, forcegc: true
[debug] Exporting web-assets:to-do-list
[debug] Running task... Cancel: Signal, check cycles: false, forcegc: true
[debug] Running task... Cancel: Signal, check cycles: false, forcegc: true
[info] compiling 1 Scala source to C:\Scala\To-Do List\target\scala-2.13\classes ...
[info] done compiling
[debug] Running task... Cancel: Signal, check cycles: false, forcegc: true
[debug] Exporting web-assets:to-do-list
[debug] Running task... Cancel: Signal, check cycles: false, forcegc: true
[debug] Running task... Cancel: Signal, check cycles: false, forcegc: true
[info] compiling 1 Scala source to C:\Scala\To-Do List\target\scala-2.13\classes ...
[info] done compiling
[debug] Running task... Cancel: Signal, check cycles: false, forcegc: true
[debug] Exporting web-assets:to-do-list
[debug] Running task... Cancel: Signal, check cycles: false, forcegc: true
[debug] Running task... Cancel: Signal, check cycles: false, forcegc: true
[info] compiling 1 Scala source to C:\Scala\To-Do List\target\scala-2.13\classes ...
[error] C:\Scala\To-Do List\app\Models\Tasks\TasksMethods.scala:84:36: not enough arguments for method apply: (userId: Int, title: String, description: String, dueDate: java.time.LocalDate, supplement: Option[String]): Models.Tasks.DeletedTask in object DeletedTask.
[error] Unspecified value parameter supplement.
[error]       val deletedTask = DeletedTask(task.title, task.description, task.dueDate, task.supplement)
[error]                                    ^
[error] one error found
[error] (Compile / compileIncremental) Compilation failed
[debug] Running task... Cancel: Signal, check cycles: false, forcegc: true
[debug] Running task... Cancel: Signal, check cycles: false, forcegc: true
[debug] Running task... Cancel: Signal, check cycles: false, forcegc: true
[info] compiling 2 Scala sources to C:\Scala\To-Do List\target\scala-2.13\classes ...
[error] C:\Scala\To-Do List\app\Models\Tasks\TasksMethods.scala:152:128: too many arguments (found 5, expected 4) for method apply: (title: String, description: String, dueDate: java.time.LocalDate, supplement: Option[String]): Models.Tasks.DeletedTask in object DeletedTask
[error]           val listOfDeletedTasks = tasks.map(task => DeletedTask(task.userId, task.title, task.description, task.dueDate, task.supplement))
[error]                                                                                                                                ^
[error] one error found
[debug] Forcing garbage collection...
[error] (Compile / compileIncremental) Compilation failed
[debug] Running task... Cancel: Signal, check cycles: false, forcegc: true
[debug] Running task... Cancel: Signal, check cycles: false, forcegc: true
[debug] Running task... Cancel: Signal, check cycles: false, forcegc: true
[debug] Running task... Cancel: Signal, check cycles: false, forcegc: true
[debug] Exporting web-assets:to-do-list
[debug] Running task... Cancel: Signal, check cycles: false, forcegc: true
[warn] Canceling execution...
[debug] Forcing garbage collection...
[error] Cancelled: run
[error] Cancelled: run
[error] Use 'last' for the full log.
[debug] > Exec(idea-shell, None, None)
