[debug] > Exec(run, None, None)
[debug] Evaluating tasks: Compile / run
[debug] Running task... Cancel: Signal, check cycles: false, forcegc: true
[debug] Running task... Cancel: Signal, check cycles: false, forcegc: true
[info] compiling 1 Scala source to C:\Scala\To-Do List\target\scala-2.13\classes ...
[info] done compiling
[debug] Running task... Cancel: Signal, check cycles: false, forcegc: true
[debug] Exporting web-assets:to-do-list
[debug] Running task... Cancel: Signal, check cycles: false, forcegc: true
[debug] Running task... Cancel: Signal, check cycles: false, forcegc: true
[info] compiling 1 Scala source to C:\Scala\To-Do List\target\scala-2.13\classes ...
[error] C:\Scala\To-Do List\app\controllers\ToDoListController.scala:18:53: type mismatch;
[error]  found   : play.api.mvc.Result
[error]  required: String
[error]     request.session.get("userId").getOrElse(Redirect(routes.MainPageController.login()))
[error]                                                     ^
[error] one error found
[debug] Forcing garbage collection...
[error] (Compile / compileIncremental) Compilation failed
[debug] Running task... Cancel: Signal, check cycles: false, forcegc: true
[debug] Running task... Cancel: Signal, check cycles: false, forcegc: true
[debug] Running task... Cancel: Signal, check cycles: false, forcegc: true
[info] compiling 1 Scala source to C:\Scala\To-Do List\target\scala-2.13\classes ...
[error] C:\Scala\To-Do List\app\controllers\ToDoListController.scala:18:53: type mismatch;
[error]  found   : play.api.mvc.Result
[error]  required: Option[String]
[error]     request.session.get("userId").getOrElse(Redirect(routes.MainPageController.login()))
[error]                                                     ^
[error] C:\Scala\To-Do List\app\controllers\ToDoListController.scala:32:37: type mismatch;
[error]  found   : Option[String]
[error]  required: String
[error]         tasks <- TasksMethods.tasks(userId)
[error]                                     ^
[error] C:\Scala\To-Do List\app\controllers\ToDoListController.scala:52:36: type mismatch;
[error]  found   : Option[String]
[error]  required: String
[error]       TasksMethods.readOneTask(id, userId).map { task =>
[error]                                    ^
[error] three errors found
[error] (Compile / compileIncremental) Compilation failed
[debug] Running task... Cancel: Signal, check cycles: false, forcegc: true
[debug] Running task... Cancel: Signal, check cycles: false, forcegc: true
[debug] Running task... Cancel: Signal, check cycles: false, forcegc: true
[info] compiling 1 Scala source to C:\Scala\To-Do List\target\scala-2.13\classes ...
[error] C:\Scala\To-Do List\app\controllers\ToDoListController.scala:18:53: type mismatch;
[error]  found   : play.api.mvc.Result
[error]  required: Option[play.api.mvc.Result]
[error]     request.session.get("userId").getOrElse(Redirect(routes.MainPageController.login()))
[error]                                                     ^
[error] C:\Scala\To-Do List\app\controllers\ToDoListController.scala:32:37: type mismatch;
[error]  found   : Option[play.api.mvc.Result]
[error]  required: String
[error]         tasks <- TasksMethods.tasks(userId)
[error]                                     ^
[error] C:\Scala\To-Do List\app\controllers\ToDoListController.scala:52:36: type mismatch;
[error]  found   : Option[play.api.mvc.Result]
[error]  required: String
[error]       TasksMethods.readOneTask(id, userId).map { task =>
[error]                                    ^
[error] three errors found
[error] (Compile / compileIncremental) Compilation failed
[debug] Running task... Cancel: Signal, check cycles: false, forcegc: true
[debug] Running task... Cancel: Signal, check cycles: false, forcegc: true
[debug] Running task... Cancel: Signal, check cycles: false, forcegc: true
[info] compiling 1 Scala source to C:\Scala\To-Do List\target\scala-2.13\classes ...
[error] C:\Scala\To-Do List\app\controllers\ToDoListController.scala:18:44: type mismatch;
[error]  found   : java.io.Serializable
[error]  required: play.api.mvc.Result
[error]     request.session.get("userId").getOrElse(Redirect(routes.MainPageController.login()))
[error]                                            ^
[error] C:\Scala\To-Do List\app\controllers\ToDoListController.scala:32:37: type mismatch;
[error]  found   : play.api.mvc.Result
[error]  required: String
[error]         tasks <- TasksMethods.tasks(userId)
[error]                                     ^
[error] C:\Scala\To-Do List\app\controllers\ToDoListController.scala:52:36: type mismatch;
[error]  found   : play.api.mvc.Result
[error]  required: String
[error]       TasksMethods.readOneTask(id, userId).map { task =>
[error]                                    ^
[error] three errors found
[error] (Compile / compileIncremental) Compilation failed
[debug] Running task... Cancel: Signal, check cycles: false, forcegc: true
[debug] Running task... Cancel: Signal, check cycles: false, forcegc: true
[debug] Running task... Cancel: Signal, check cycles: false, forcegc: true
[info] compiling 1 Scala source to C:\Scala\To-Do List\target\scala-2.13\classes ...
[error] C:\Scala\To-Do List\app\controllers\ToDoListController.scala:18:53: type mismatch;
[error]  found   : play.api.mvc.Result
[error]  required: String
[error]     request.session.get("userId").getOrElse(Redirect(routes.MainPageController.login()))
[error]                                                     ^
[error] one error found
[error] (Compile / compileIncremental) Compilation failed
[debug] Running task... Cancel: Signal, check cycles: false, forcegc: true
[debug] Running task... Cancel: Signal, check cycles: false, forcegc: true
[debug] Running task... Cancel: Signal, check cycles: false, forcegc: true
[info] compiling 1 Scala source to C:\Scala\To-Do List\target\scala-2.13\classes ...
[error] C:\Scala\To-Do List\app\controllers\ToDoListController.scala:21:25: type mismatch;
[error]  found   : play.api.mvc.Result
[error]  required: String
[error]     }.getOrElse(Redirect(routes.MainPageController.login()))
[error]                         ^
[error] one error found
[error] (Compile / compileIncremental) Compilation failed
[debug] Running task... Cancel: Signal, check cycles: false, forcegc: true
[debug] Running task... Cancel: Signal, check cycles: false, forcegc: true
[debug] Running task... Cancel: Signal, check cycles: false, forcegc: true
[info] compiling 1 Scala source to C:\Scala\To-Do List\target\scala-2.13\classes ...
[error] C:\Scala\To-Do List\app\controllers\ToDoListController.scala:21:25: type mismatch;
[error]  found   : play.api.mvc.Result
[error]  required: String
[error]     }.getOrElse(Redirect(routes.MainPageController.login()))
[error]                         ^
[error] one error found
[error] (Compile / compileIncremental) Compilation failed
[debug] Running task... Cancel: Signal, check cycles: false, forcegc: true
[debug] Running task... Cancel: Signal, check cycles: false, forcegc: true
[debug] Running task... Cancel: Signal, check cycles: false, forcegc: true
[info] compiling 1 Scala source to C:\Scala\To-Do List\target\scala-2.13\classes ...
[error] C:\Scala\To-Do List\app\controllers\ToDoListController.scala:23:7: type mismatch;
[error]  found   : java.io.Serializable
[error]  required: String
[error]     }.get // В данном случае мы уверены, что Try содержит значение, так как recover обработал исключение
[error]       ^
[error] one error found
[error] (Compile / compileIncremental) Compilation failed
[debug] Running task... Cancel: Signal, check cycles: false, forcegc: true
[debug] Running task... Cancel: Signal, check cycles: false, forcegc: true
[debug] Running task... Cancel: Signal, check cycles: false, forcegc: true
[info] compiling 1 Scala source to C:\Scala\To-Do List\target\scala-2.13\classes ...
[error] C:\Scala\To-Do List\app\controllers\ToDoListController.scala:58:36: type mismatch;
[error]  found   : Either[scala.concurrent.Future[play.api.mvc.Result],String]
[error]  required: String
[error]       TasksMethods.readOneTask(id, userId).map { task =>
[error]                                    ^
[error] one error found
[debug] Forcing garbage collection...
[error] (Compile / compileIncremental) Compilation failed
[debug] Running task... Cancel: Signal, check cycles: false, forcegc: true
[debug] Running task... Cancel: Signal, check cycles: false, forcegc: true
[debug] Running task... Cancel: Signal, check cycles: false, forcegc: true
[info] compiling 1 Scala source to C:\Scala\To-Do List\target\scala-2.13\classes ...
[info] done compiling
[debug] Running task... Cancel: Signal, check cycles: false, forcegc: true
[debug] Exporting web-assets:to-do-list
[debug] Running task... Cancel: Signal, check cycles: false, forcegc: true
[debug] Running task... Cancel: Signal, check cycles: false, forcegc: true
[info] compiling 1 Scala source to C:\Scala\To-Do List\target\scala-2.13\classes ...
[info] done compiling
[debug] Running task... Cancel: Signal, check cycles: false, forcegc: true
[debug] Exporting web-assets:to-do-list
[debug] Running task... Cancel: Signal, check cycles: false, forcegc: true
[debug] Running task... Cancel: Signal, check cycles: false, forcegc: true
[info] compiling 1 Scala source to C:\Scala\To-Do List\target\scala-2.13\classes ...
[info] done compiling
[debug] Forcing garbage collection...
[debug] Running task... Cancel: Signal, check cycles: false, forcegc: true
[debug] Exporting web-assets:to-do-list
[debug] Running task... Cancel: Signal, check cycles: false, forcegc: true
[debug] Running task... Cancel: Signal, check cycles: false, forcegc: true
[info] compiling 1 Scala source to C:\Scala\To-Do List\target\scala-2.13\classes ...
[info] done compiling
[debug] Forcing garbage collection...
[debug] Running task... Cancel: Signal, check cycles: false, forcegc: true
[debug] Exporting web-assets:to-do-list
[debug] Running task... Cancel: Signal, check cycles: false, forcegc: true
[debug] Running task... Cancel: Signal, check cycles: false, forcegc: true
[info] compiling 2 Scala sources to C:\Scala\To-Do List\target\scala-2.13\classes ...
[info] done compiling
[debug] Running task... Cancel: Signal, check cycles: false, forcegc: true
[debug] Exporting web-assets:to-do-list
[debug] Running task... Cancel: Signal, check cycles: false, forcegc: true
[debug] Running task... Cancel: Signal, check cycles: false, forcegc: true
[info] compiling 1 Scala source to C:\Scala\To-Do List\target\scala-2.13\classes ...
[info] done compiling
[debug] Running task... Cancel: Signal, check cycles: false, forcegc: true
[debug] Exporting web-assets:to-do-list
[debug] Running task... Cancel: Signal, check cycles: false, forcegc: true
[debug] Running task... Cancel: Signal, check cycles: false, forcegc: true
[info] compiling 1 Scala source to C:\Scala\To-Do List\target\scala-2.13\classes ...
[info] done compiling
[debug] Forcing garbage collection...
[debug] Running task... Cancel: Signal, check cycles: false, forcegc: true
[debug] Exporting web-assets:to-do-list
[debug] Running task... Cancel: Signal, check cycles: false, forcegc: true
[debug] Running task... Cancel: Signal, check cycles: false, forcegc: true
[info] compiling 1 Scala source to C:\Scala\To-Do List\target\scala-2.13\classes ...
[info] done compiling
[debug] Running task... Cancel: Signal, check cycles: false, forcegc: true
[debug] Exporting web-assets:to-do-list
[debug] Running task... Cancel: Signal, check cycles: false, forcegc: true
[debug] Running task... Cancel: Signal, check cycles: false, forcegc: true
[info] compiling 1 Scala source to C:\Scala\To-Do List\target\scala-2.13\classes ...
[info] done compiling
[debug] Running task... Cancel: Signal, check cycles: false, forcegc: true
[debug] Exporting web-assets:to-do-list
[debug] Running task... Cancel: Signal, check cycles: false, forcegc: true
[debug] Running task... Cancel: Signal, check cycles: false, forcegc: true
[info] compiling 1 Scala source to C:\Scala\To-Do List\target\scala-2.13\classes ...
[info] done compiling
[debug] Running task... Cancel: Signal, check cycles: false, forcegc: true
[debug] Exporting web-assets:to-do-list
[debug] Running task... Cancel: Signal, check cycles: false, forcegc: true
[warn] Canceling execution...
[warn] Canceling execution...
[error] Cancelled: run
[error] Cancelled: run
[error] Use 'last' for the full log.
[debug] > Exec(idea-shell, None, None)
