[debug] > Exec(run, None, None)
[debug] Evaluating tasks: Compile / run
[debug] Running task... Cancel: Signal, check cycles: false, forcegc: true
[debug] Running task... Cancel: Signal, check cycles: false, forcegc: true
[info] compiling 5 Scala sources to C:\Scala\To-Do List\target\scala-2.13\classes ...
[error] C:\Scala\To-Do List\app\Models\PrivateMethods.scala:5:44: '}' expected but '.' found.
[error] import Models.Tasks.{SlickTablesDeletedTask._, SlickTablesTask}
[error]                                            ^
[error] one error found
[error] (Compile / compileIncremental) Compilation failed
[debug] Running task... Cancel: Signal, check cycles: false, forcegc: true
[debug] Running task... Cancel: Signal, check cycles: false, forcegc: true
[debug] Running task... Cancel: Signal, check cycles: false, forcegc: true
[info] compiling 5 Scala sources to C:\Scala\To-Do List\target\scala-2.13\classes ...
[info] done compiling
[debug] Running task... Cancel: Signal, check cycles: false, forcegc: true
[debug] Exporting web-assets:to-do-list
[debug] Running task... Cancel: Signal, check cycles: false, forcegc: true
[debug] Running task... Cancel: Signal, check cycles: false, forcegc: true
[info] compiling 3 Scala sources to C:\Scala\To-Do List\target\scala-2.13\classes ...
[error] C:\Scala\To-Do List\app\Models\Users\UsersMethods.scala:98:1: expected class or object definition
[error] val insertToDeletedTasks = SlickTablesDeletedTask.deletedTasksTable ++= listOfDeletedTasks
[error] ^
[error] C:\Scala\To-Do List\app\Models\Users\UsersMethods.scala:99:1: expected class or object definition
[error] val deletingTasks = SlickTablesTask.taskTable.filter(_.login === login).delete
[error] ^
[error] C:\Scala\To-Do List\app\Models\Users\UsersMethods.scala:100:1: expected class or object definition
[error] val finalQuery = DBIO.seq(insertToDeletedTasks)
[error] ^
[error] three errors found
[debug] Forcing garbage collection...
[error] (Compile / compileIncremental) Compilation failed
[debug] Running task... Cancel: Signal, check cycles: false, forcegc: true
[debug] Running task... Cancel: Signal, check cycles: false, forcegc: true
[debug] Running task... Cancel: Signal, check cycles: false, forcegc: true
[info] compiling 3 Scala sources to C:\Scala\To-Do List\target\scala-2.13\classes ...
[error] C:\Scala\To-Do List\app\Models\Users\UsersMethods.scala:98:1: expected class or object definition
[error] val insertToDeletedTasks = SlickTablesDeletedTask.deletedTasksTable ++= listOfDeletedTasks
[error] ^
[error] C:\Scala\To-Do List\app\Models\Users\UsersMethods.scala:99:1: expected class or object definition
[error] val deletingTasks = SlickTablesTask.taskTable.filter(_.login === login).delete
[error] ^
[error] C:\Scala\To-Do List\app\Models\Users\UsersMethods.scala:100:1: expected class or object definition
[error] val finalQuery = DBIO.seq(insertToDeletedTasks)
[error] ^
[error] three errors found
[error] (Compile / compileIncremental) Compilation failed
[debug] Running task... Cancel: Signal, check cycles: false, forcegc: true
[debug] Running task... Cancel: Signal, check cycles: false, forcegc: true
[debug] Running task... Cancel: Signal, check cycles: false, forcegc: true
[info] compiling 3 Scala sources to C:\Scala\To-Do List\target\scala-2.13\classes ...
[error] C:\Scala\To-Do List\app\Models\Users\UsersMethods.scala:98:1: expected class or object definition
[error] val insertToDeletedTasks = SlickTablesDeletedTask.deletedTasksTable ++= listOfDeletedTasks
[error] ^
[error] C:\Scala\To-Do List\app\Models\Users\UsersMethods.scala:99:1: expected class or object definition
[error] val deletingTasks = SlickTablesTask.taskTable.filter(_.login === login).delete
[error] ^
[error] C:\Scala\To-Do List\app\Models\Users\UsersMethods.scala:100:1: expected class or object definition
[error] val finalQuery = DBIO.seq(insertToDeletedTasks)
[error] ^
[error] three errors found
[error] (Compile / compileIncremental) Compilation failed
[debug] Running task... Cancel: Signal, check cycles: false, forcegc: true
[debug] Running task... Cancel: Signal, check cycles: false, forcegc: true
[debug] Running task... Cancel: Signal, check cycles: false, forcegc: true
[info] compiling 3 Scala sources to C:\Scala\To-Do List\target\scala-2.13\classes ...
[error] C:\Scala\To-Do List\app\Models\Users\UsersMethods.scala:98:1: expected class or object definition
[error] val insertToDeletedTasks = SlickTablesDeletedTask.deletedTasksTable ++= listOfDeletedTasks
[error] ^
[error] C:\Scala\To-Do List\app\Models\Users\UsersMethods.scala:99:1: expected class or object definition
[error] val deletingTasks = SlickTablesTask.taskTable.filter(_.login === login).delete
[error] ^
[error] C:\Scala\To-Do List\app\Models\Users\UsersMethods.scala:100:1: expected class or object definition
[error] val finalQuery = DBIO.seq(insertToDeletedTasks)
[error] ^
[error] three errors found
[error] (Compile / compileIncremental) Compilation failed
[debug] Running task... Cancel: Signal, check cycles: false, forcegc: true
[debug] Running task... Cancel: Signal, check cycles: false, forcegc: true
[debug] Running task... Cancel: Signal, check cycles: false, forcegc: true
[info] compiling 3 Scala sources to C:\Scala\To-Do List\target\scala-2.13\classes ...
[error] C:\Scala\To-Do List\app\Models\Users\UsersMethods.scala:98:1: expected class or object definition
[error] val insertToDeletedTasks = SlickTablesDeletedTask.deletedTasksTable ++= listOfDeletedTasks
[error] ^
[error] C:\Scala\To-Do List\app\Models\Users\UsersMethods.scala:99:1: expected class or object definition
[error] val deletingTasks = SlickTablesTask.taskTable.filter(_.login === login).delete
[error] ^
[error] C:\Scala\To-Do List\app\Models\Users\UsersMethods.scala:100:1: expected class or object definition
[error] val finalQuery = DBIO.seq(insertToDeletedTasks)
[error] ^
[error] three errors found
[error] (Compile / compileIncremental) Compilation failed
[debug] Running task... Cancel: Signal, check cycles: false, forcegc: true
[debug] Running task... Cancel: Signal, check cycles: false, forcegc: true
[debug] Running task... Cancel: Signal, check cycles: false, forcegc: true
[info] compiling 3 Scala sources to C:\Scala\To-Do List\target\scala-2.13\classes ...
[info] done compiling
[debug] Running task... Cancel: Signal, check cycles: false, forcegc: true
[debug] Exporting web-assets:to-do-list
[debug] Running task... Cancel: Signal, check cycles: false, forcegc: true
[debug] Running task... Cancel: Signal, check cycles: false, forcegc: true
[info] compiling 1 Scala source to C:\Scala\To-Do List\target\scala-2.13\classes ...
[info] done compiling
[debug] Running task... Cancel: Signal, check cycles: false, forcegc: true
[debug] Exporting web-assets:to-do-list
[debug] Running task... Cancel: Signal, check cycles: false, forcegc: true
[debug] Running task... Cancel: Signal, check cycles: false, forcegc: true
[info] compiling 1 Scala source to C:\Scala\To-Do List\target\scala-2.13\classes ...
[info] done compiling
[debug] Running task... Cancel: Signal, check cycles: false, forcegc: true
[debug] Exporting web-assets:to-do-list
[debug] Running task... Cancel: Signal, check cycles: false, forcegc: true
[debug] Running task... Cancel: Signal, check cycles: false, forcegc: true
[info] compiling 1 Scala source to C:\Scala\To-Do List\target\scala-2.13\classes ...
[info] done compiling
[debug] Running task... Cancel: Signal, check cycles: false, forcegc: true
[debug] Exporting web-assets:to-do-list
[debug] Running task... Cancel: Signal, check cycles: false, forcegc: true
[debug] Running task... Cancel: Signal, check cycles: false, forcegc: true
[info] compiling 2 Scala sources to C:\Scala\To-Do List\target\scala-2.13\classes ...
[info] done compiling
[debug] Forcing garbage collection...
[debug] Running task... Cancel: Signal, check cycles: false, forcegc: true
[debug] Exporting web-assets:to-do-list
[debug] Running task... Cancel: Signal, check cycles: false, forcegc: true
[warn] Canceling execution...
[error] Cancelled: run
[error] Cancelled: run
[error] Use 'last' for the full log.
[debug] > Exec(idea-shell, None, None)
